<?xml version="1.0" encoding="UTF-8"?>
<testsuite name="runner.runner" tests="0" skipped="0" failures="0" errors="0" timestamp="1970-01-01T00:00:00" hostname="DESKTOP-G9G6E6K" time="0.0">
  <properties/>
  <system-out><![CDATA[
?[33mUndefined scenarios:?[0m
?[33msrc/test/resources/features/Google.feature:3 ?[0m# Busco algo en Google

1 Scenarios (?[33m1 undefined?[0m)
4 Steps (?[36m3 skipped?[0m, ?[33m1 undefined?[0m)
0m0,249s


You can implement missing steps with the snippets below:

@Given("I´m on the Google search page")
public void i_m_on_the_Google_search_page() {
    // Write code here that turns the phrase above into concrete actions
    throw new cucumber.api.PendingException();
}


]]></system-out>
  <system-err><![CDATA[]]></system-err>
</testsuite>
